\BOOKMARK [1][-]{section*.1}{\376\377\0001\000\040\000S\000u\000p\000p\000o\000s\000e\000\040\000U\000\040\000h\000a\000s\000\040\000a\000\040\000U\000n\000i\000f\000o\000r\000m\000\050\0005\000,\0001\0000\000\051\000\040\000d\000i\000s\000t\000r\000i\000b\000u\000t\000i\000o\000n\000.}{}% 1
\BOOKMARK [2][-]{section*.2}{\376\377\0001\000a}{section*.1}% 2
\BOOKMARK [2][-]{section*.3}{\376\377\0001\000b}{section*.1}% 3
\BOOKMARK [2][-]{section*.4}{\376\377\0001\000c}{section*.1}% 4
\BOOKMARK [2][-]{section*.5}{\376\377\0001\000d}{section*.1}% 5
\BOOKMARK [1][-]{section*.6}{\376\377\0002}{}% 6
\BOOKMARK [2][-]{section*.7}{\376\377\0002\000a}{section*.6}% 7
\BOOKMARK [2][-]{section*.8}{\376\377\0002\000b}{section*.6}% 8
\BOOKMARK [2][-]{section*.9}{\376\377\0002\000c}{section*.6}% 9
\BOOKMARK [2][-]{section*.10}{\376\377\0002\000d}{section*.6}% 10
\BOOKMARK [2][-]{section*.11}{\376\377\0002\000e}{section*.6}% 11
\BOOKMARK [1][-]{section*.12}{\376\377\0003}{}% 12
\BOOKMARK [2][-]{section*.13}{\376\377\000T\000h\000e\000s\000e\000\040\000a\000r\000e\000\040\000p\000r\000o\000b\000l\000e\000m\000s\000\040\000f\000r\000o\000m\000\040\000s\000e\000c\000t\000i\000o\000n\000\040\0006\000\040\000o\000f\000\040\000J\000o\000h\000n\000\040\000V\000e\000r\000z\000a\000n\000i\000'\000s\000\040\000s\000i\000m\000p\000l\000e\000R\000\040\000n\000o\000t\000e\000s\000.\000\040\000M\000a\000k\000e\000\040\000y\000o\000u\000r\000\040\000r\000e\000s\000u\000l\000t\000s\000\040\000r\000e\000p\000r\000o\000d\000u\000c\000i\000b\000l\000e\000\040\000u\000s\000i\000n\000g\000\040\000t\000h\000e\000\040\000R\000\040\000c\000o\000m\000m\000a\000n\000d\000\040\000s\000e\000t\000.\000s\000e\000e\000d\000\050\0001\0000\000\051\000\040\000a\000t\000\040\000t\000h\000e\000\040\000b\000e\000g\000i\000n\000n\000i\000n\000g\000\040\000o\000f\000\040\000y\000o\000u\000r\000\040\000c\000o\000d\000e\000.}{section*.12}% 13
\BOOKMARK [3][-]{section*.14}{\376\377\0003\000a}{section*.13}% 14
\BOOKMARK [3][-]{section*.15}{\376\377\0003\000b}{section*.13}% 15
\BOOKMARK [3][-]{section*.16}{\376\377\0003\000c}{section*.13}% 16
\BOOKMARK [3][-]{section*.17}{\376\377\0003\000d}{section*.13}% 17
\BOOKMARK [3][-]{section*.18}{\376\377\0003\000e}{section*.13}% 18
\BOOKMARK [3][-]{section*.19}{\376\377\0003\000f}{section*.13}% 19
\BOOKMARK [3][-]{section*.20}{\376\377\0003\000g}{section*.13}% 20
\BOOKMARK [3][-]{section*.21}{\376\377\0003\000h}{section*.13}% 21
\BOOKMARK [1][-]{section*.22}{\376\377\000Q\000u\000e\000s\000t\000i\000o\000n\000\040\0004}{}% 22
\BOOKMARK [2][-]{section*.23}{\376\377\000A\000\040\000b\000i\000o\000l\000o\000g\000i\000s\000t\000\040\000m\000a\000d\000e\000\040\000a\000\040\000c\000e\000r\000t\000a\000i\000n\000\040\000p\000H\000\040\000m\000e\000a\000s\000u\000r\000e\000m\000e\000n\000t\000\040\000i\000n\000\040\000e\000a\000c\000h\000\040\000o\000f\000\040\0002\0004\000\040\000f\000r\000o\000g\000s\000.\000\040\000T\000y\000p\000i\000c\000a\000l\000\040\000v\000a\000l\000u\000e\000s\000\040\000w\000e\000r\000e\000\040\0007\000.\0004\0003\000,\000\040\0007\000.\0001\0006\000,\000\040\0007\000.\0005\0001\000,\000\040\000e\000t\000c\000.\000\040\000S\000h\000e\000\040\000c\000a\000l\000c\000u\000l\000a\000t\000e\000d\000\040\000a\000\040\000m\000e\000a\000n\000\040\000o\000f\000\040\0007\000.\0003\0007\0003\000\040\000a\000n\000d\000\040\000a\000\040\000s\000t\000a\000n\000d\000a\000r\000d\000\040\000d\000e\000v\000i\000a\000t\000i\000o\000n\000\040\000o\000f\000\040\0000\000.\0001\0002\0009\000\040\000f\000o\000r\000\040\000t\000h\000e\000s\000e\000\040\000o\000r\000i\000g\000i\000n\000a\000l\000\040\000p\000H\000\040\000m\000e\000a\000s\000u\000r\000e\000m\000e\000n\000t\000s\000.\000\040\000N\000e\000x\000t\000,\000\040\000s\000h\000e\000\040\000t\000r\000a\000n\000s\000f\000o\000r\000m\000e\000d\000\040\000t\000h\000e\000\040\000d\000a\000t\000a\000\040\000b\000y\000\040\000s\000u\000b\000t\000r\000a\000c\000t\000i\000n\000g\000\040\0007\000\040\000f\000r\000o\000m\000\040\000e\000a\000c\000h\000\040\000o\000b\000s\000e\000r\000v\000a\000t\000i\000o\000n\000\040\000a\000n\000d\000\040\000t\000h\000e\000n\000\040\000m\000u\000l\000t\000i\000p\000l\000y\000i\000n\000g\000\040\000b\000y\000\040\0001\0000\0000\000.\000\040\000T\000h\000e\000\040\000t\000r\000a\000n\000s\000f\000o\000r\000m\000e\000d\000\040\000d\000a\000t\000a\000\040\000a\000r\000e\000\040\0004\0003\000,\000\040\0001\0006\000,\000\040\0005\0001\000,\000\040\000e\000t\000c\000.\000\040\000W\000h\000a\000t\000\040\000a\000r\000e\000\040\000t\000h\000e\000\040\000m\000e\000a\000n\000\040\000a\000n\000d\000\040\000s\000t\000a\000n\000d\000a\000r\000d\000\040\000d\000e\000v\000i\000a\000t\000i\000o\000n\000\040\000o\000f\000\040\000t\000h\000e\000s\000e\000\040\000t\000r\000a\000n\000s\000f\000o\000r\000m\000e\000d\000\040\000d\000a\000t\000a\000?}{section*.22}% 23
\BOOKMARK [1][-]{section*.24}{\376\377\0005}{}% 24
\BOOKMARK [2][-]{section*.25}{\376\377\000S\000u\000p\000p\000o\000s\000e\000\040\000w\000e\000\040\000h\000a\000v\000e\000\040\0001\0000\0000\000\040\000i\000n\000d\000e\000p\000e\000n\000d\000e\000n\000t\000\040\000d\000r\000a\000w\000s\000\040\000f\000r\000o\000m\000\040\000s\000o\000m\000e\000\040\000p\000o\000p\000u\000l\000a\000t\000i\000o\000n\000\040\000d\000i\000s\000t\000r\000i\000b\000u\000t\000i\000o\000n\000\040\000w\000h\000o\000s\000e\000\040\000s\000h\000a\000p\000e\000\040\000i\000s\000\040\000u\000n\000k\000n\000o\000w\000n\000\040\000b\000u\000t\000\040\000w\000h\000e\000r\000e\000\040\000t\000h\000e\000\040\000p\000o\000p\000u\000l\000a\000t\000i\000o\000n\000\040\000m\000e\000a\000n\000\040\000i\000s\000\040\0001\0000\000\040\000a\000n\000d\000\040\000S\000D\000\040\000i\000s\000\040\0002\000.\0005\000.\000\040\000S\000u\000p\000p\000o\000s\000e\000\040\000t\000h\000a\000t\000\040\000n\000=\0001\0000\0000\000\040\000i\000s\000\040\000s\000u\000f\000f\000i\000c\000i\000e\000n\000t\000l\000y\000\040\000l\000a\000r\000g\000e\000\040\000t\000h\000a\000t\000\040\000f\000o\000r\000\040\000t\000h\000e\000\040\000s\000a\000m\000p\000l\000e\000\040\000m\000e\000a\000n\000\040\000t\000o\000\040\000h\000a\000v\000e\000\040\000a\000n\000\040\000a\000p\000p\000r\000o\000x\000i\000m\000a\000t\000e\000l\000y\000\040\000n\000o\000r\000m\000a\000l\000\040\000d\000i\000s\000t\000r\000i\000b\000u\000t\000i\000o\000n\000.}{section*.24}% 25
\BOOKMARK [3][-]{section*.26}{\376\377\0005\000a}{section*.25}% 26
\BOOKMARK [2][-]{section*.27}{\376\377\0005\000b}{section*.24}% 27
